<?xml version="1.0" encoding="UTF-8"?>
<testng-results skipped="0" failed="0" ignored="0" total="2" passed="2">
  <reporter-output>
  </reporter-output>
  <suite name="Suite" duration-ms="33150" started-at="2019-09-16T06:22:43Z" finished-at="2019-09-16T06:23:16Z">
    <groups>
    </groups>
    <test name="Test" duration-ms="33150" started-at="2019-09-16T06:22:43Z" finished-at="2019-09-16T06:23:16Z">
      <class name="NG.ParallelTests">
        <test-method status="PASS" signature="testcasetwo()[pri:0, instance:NG.ParallelTests@5ae9a829]" name="testcasetwo" duration-ms="33007" started-at="2019-09-16T11:52:43Z" finished-at="2019-09-16T11:53:16Z">
          <reporter-output>
          </reporter-output>
        </test-method> <!-- testcasetwo -->
        <test-method status="PASS" signature="testcaseone()[pri:0, instance:NG.ParallelTests@5ae9a829]" name="testcaseone" duration-ms="18882" started-at="2019-09-16T11:52:43Z" finished-at="2019-09-16T11:53:02Z">
          <reporter-output>
          </reporter-output>
        </test-method> <!-- testcaseone -->
      </class> <!-- NG.ParallelTests -->
    </test> <!-- Test -->
  </suite> <!-- Suite -->
</testng-results>
